[debug] [2020-08-19T04:16:41.941Z] ----------------------------------------------------------------------
[debug] [2020-08-19T04:16:41.943Z] Command:       /usr/bin/node /usr/local/bin/firebase deploy
[debug] [2020-08-19T04:16:41.943Z] CLI Version:   8.7.0
[debug] [2020-08-19T04:16:41.943Z] Platform:      linux
[debug] [2020-08-19T04:16:41.943Z] Node Version:  v10.19.0
[debug] [2020-08-19T04:16:41.949Z] Time:          Wed Aug 19 2020 09:46:41 GMT+0530 (India Standard Time)
[debug] [2020-08-19T04:16:41.949Z] ----------------------------------------------------------------------
[debug] [2020-08-19T04:16:41.949Z] 
[debug] [2020-08-19T04:16:41.967Z] > command requires scopes: ["email","openid","https://www.googleapis.com/auth/cloudplatformprojects.readonly","https://www.googleapis.com/auth/firebase","https://www.googleapis.com/auth/cloud-platform"]
[debug] [2020-08-19T04:16:41.968Z] > authorizing via signed-in user
[debug] [2020-08-19T04:16:41.968Z] [iam] checking project clustering-visualizer for permissions ["firebase.projects.get","firebasehosting.sites.update"]
[debug] [2020-08-19T04:16:41.970Z] > refreshing access token with scopes: ["email","https://www.googleapis.com/auth/cloud-platform","https://www.googleapis.com/auth/cloudplatformprojects.readonly","https://www.googleapis.com/auth/firebase","openid"]
[debug] [2020-08-19T04:16:41.970Z] >>> HTTP REQUEST POST https://www.googleapis.com/oauth2/v3/token  
 <request body omitted>
[debug] [2020-08-19T04:16:47.810Z] <<< HTTP RESPONSE 200 {"content-type":"application/json; charset=utf-8","vary":"X-Origin, Referer, Origin,Accept-Encoding","date":"Wed, 19 Aug 2020 04:16:46 GMT","server":"scaffolding on HTTPServer2","cache-control":"private","x-xss-protection":"0","x-frame-options":"SAMEORIGIN","x-content-type-options":"nosniff","alt-svc":"h3-29=\":443\"; ma=2592000,h3-27=\":443\"; ma=2592000,h3-T050=\":443\"; ma=2592000,h3-Q050=\":443\"; ma=2592000,h3-Q046=\":443\"; ma=2592000,h3-Q043=\":443\"; ma=2592000,quic=\":443\"; ma=2592000; v=\"46,43\"","accept-ranges":"none","transfer-encoding":"chunked"}
[debug] [2020-08-19T04:16:47.817Z] >>> HTTP REQUEST POST https://cloudresourcemanager.googleapis.com/v1/projects/clustering-visualizer:testIamPermissions  
 {"permissions":["firebase.projects.get","firebasehosting.sites.update"]}
[debug] [2020-08-19T04:16:51.764Z] <<< HTTP RESPONSE 200 {"content-type":"application/json; charset=UTF-8","vary":"X-Origin, Referer, Origin,Accept-Encoding","date":"Wed, 19 Aug 2020 04:16:51 GMT","server":"ESF","cache-control":"private","x-xss-protection":"0","x-frame-options":"SAMEORIGIN","x-content-type-options":"nosniff","server-timing":"gfet4t7; dur=1135","alt-svc":"h3-29=\":443\"; ma=2592000,h3-27=\":443\"; ma=2592000,h3-T050=\":443\"; ma=2592000,h3-Q050=\":443\"; ma=2592000,h3-Q046=\":443\"; ma=2592000,h3-Q043=\":443\"; ma=2592000,quic=\":443\"; ma=2592000; v=\"46,43\"","accept-ranges":"none","transfer-encoding":"chunked"}
[debug] [2020-08-19T04:16:51.767Z] >>> HTTP REQUEST GET https://firebase.googleapis.com/v1beta1/projects/clustering-visualizer  
 
[debug] [2020-08-19T04:16:52.273Z] <<< HTTP RESPONSE 200 {"content-type":"application/json; charset=UTF-8","vary":"X-Origin, Referer, Origin,Accept-Encoding","date":"Wed, 19 Aug 2020 04:16:51 GMT","server":"ESF","cache-control":"private","x-xss-protection":"0","x-frame-options":"SAMEORIGIN","x-content-type-options":"nosniff","alt-svc":"h3-29=\":443\"; ma=2592000,h3-27=\":443\"; ma=2592000,h3-T050=\":443\"; ma=2592000,h3-Q050=\":443\"; ma=2592000,h3-Q046=\":443\"; ma=2592000,h3-Q043=\":443\"; ma=2592000,quic=\":443\"; ma=2592000; v=\"46,43\"","accept-ranges":"none","transfer-encoding":"chunked"}
[info] 
[info] === Deploying to 'clustering-visualizer'...
[info] 
[info] i  deploying hosting 
[debug] [2020-08-19T04:16:52.280Z] >>> HTTP REQUEST POST https://firebasehosting.googleapis.com/v1beta1/sites/clustering-visualizer/versions  
 {"config":{"rewrites":[{"glob":"**","path":"/index.html"}]},"labels":{"deployment-tool":"cli-firebase"}}
